<?xml version="1.0" encoding="UTF-8"?>
<testng-results ignored="0" total="1" passed="1" failed="0" skipped="0">
  <reporter-output>
  </reporter-output>
  <suite started-at="2024-04-02T10:09:08 IST" name="Default suite" finished-at="2024-04-02T10:09:14 IST" duration-ms="6238">
    <groups>
    </groups>
    <test started-at="2024-04-02T10:09:08 IST" name="Default test" finished-at="2024-04-02T10:09:14 IST" duration-ms="6238">
      <class name="practice.Tests">
        <test-method is-config="true" signature="launchBrowser()[pri:0, instance:practice.Tests@63611043]" started-at="2024-04-02T10:09:08 IST" name="launchBrowser" finished-at="2024-04-02T10:09:14 IST" duration-ms="5908" status="PASS">
          <reporter-output>
          </reporter-output>
        </test-method> <!-- launchBrowser -->
        <test-method signature="testABLink()[pri:0, instance:practice.Tests@63611043]" started-at="2024-04-02T10:09:14 IST" name="testABLink" finished-at="2024-04-02T10:09:14 IST" duration-ms="96" status="PASS">
          <reporter-output>
          </reporter-output>
        </test-method> <!-- testABLink -->
        <test-method is-config="true" signature="tearDownBrowser()[pri:0, instance:practice.Tests@63611043]" started-at="2024-04-02T10:09:14 IST" name="tearDownBrowser" finished-at="2024-04-02T10:09:14 IST" duration-ms="186" status="PASS">
          <reporter-output>
          </reporter-output>
        </test-method> <!-- tearDownBrowser -->
      </class> <!-- practice.Tests -->
    </test> <!-- Default test -->
  </suite> <!-- Default suite -->
</testng-results>
